2018/01/18 10:46:07 [error] [php] include(Words.php): failed to open stream: No such file or directory (/var/www/html/devexport/protected/modules/processInvoice/views/facture/view.php:78)
Stack trace:
#0 /var/www/yii_framework/framework/web/CBaseController.php(95): FactureController->renderInternal()
#1 /var/www/yii_framework/framework/web/CController.php(869): FactureController->renderFile()
#2 /var/www/yii_framework/framework/web/CController.php(782): FactureController->renderPartial()
#3 /var/www/html/devexport/protected/modules/processInvoice/controllers/FactureController.php(66): FactureController->render()
#4 unknown(0): FactureController->actionView()
#5 /var/www/yii_framework/framework/web/actions/CAction.php(108): ReflectionMethod->invokeArgs()
#6 /var/www/yii_framework/framework/web/actions/CInlineAction.php(47): CInlineAction->runWithParamsInternal()
#7 /var/www/yii_framework/framework/web/CController.php(308): CInlineAction->runWithParams()
#8 /var/www/yii_framework/framework/web/filters/CFilterChain.php(133): FactureController->runAction()
#9 /var/www/yii_framework/framework/web/filters/CFilter.php(40): CFilterChain->run()
#10 /var/www/yii_framework/framework/web/CController.php(1145): CAccessControlFilter->filter()
#11 /var/www/yii_framework/framework/web/filters/CInlineFilter.php(58): FactureController->filterAccessControl()
#12 /var/www/yii_framework/framework/web/filters/CFilterChain.php(130): CInlineFilter->filter()
#13 /var/www/yii_framework/framework/web/CController.php(291): CFilterChain->run()
#14 /var/www/yii_framework/framework/web/CController.php(265): FactureController->runActionWithFilters()
#15 /var/www/yii_framework/framework/web/CWebApplication.php(282): FactureController->run()
#16 /var/www/yii_framework/framework/web/CWebApplication.php(141): CWebApplication->runController()
#17 /var/www/yii_framework/framework/base/CApplication.php(180): CWebApplication->processRequest()
#18 /var/www/html/devexport/index.php(13): CWebApplication->run()
REQUEST_URI=/devexport/index.php/processInvoice/facture/view/id/1
in /var/www/html/devexport/protected/modules/processInvoice/views/facture/view.php (78)
in /var/www/html/devexport/protected/modules/processInvoice/views/facture/view.php (78)
in /var/www/html/devexport/protected/modules/processInvoice/controllers/FactureController.php (66)
2018/01/18 10:46:13 [error] [php] include(Numbers_Words_Locale_fr.php): failed to open stream: No such file or directory (/var/www/html/devexport/protected/modules/processInvoice/views/facture/view.php:79)
Stack trace:
#0 /var/www/yii_framework/framework/web/CBaseController.php(95): FactureController->renderInternal()
#1 /var/www/yii_framework/framework/web/CController.php(869): FactureController->renderFile()
#2 /var/www/yii_framework/framework/web/CController.php(782): FactureController->renderPartial()
#3 /var/www/html/devexport/protected/modules/processInvoice/controllers/FactureController.php(66): FactureController->render()
#4 unknown(0): FactureController->actionView()
#5 /var/www/yii_framework/framework/web/actions/CAction.php(108): ReflectionMethod->invokeArgs()
#6 /var/www/yii_framework/framework/web/actions/CInlineAction.php(47): CInlineAction->runWithParamsInternal()
#7 /var/www/yii_framework/framework/web/CController.php(308): CInlineAction->runWithParams()
#8 /var/www/yii_framework/framework/web/filters/CFilterChain.php(133): FactureController->runAction()
#9 /var/www/yii_framework/framework/web/filters/CFilter.php(40): CFilterChain->run()
#10 /var/www/yii_framework/framework/web/CController.php(1145): CAccessControlFilter->filter()
#11 /var/www/yii_framework/framework/web/filters/CInlineFilter.php(58): FactureController->filterAccessControl()
#12 /var/www/yii_framework/framework/web/filters/CFilterChain.php(130): CInlineFilter->filter()
#13 /var/www/yii_framework/framework/web/CController.php(291): CFilterChain->run()
#14 /var/www/yii_framework/framework/web/CController.php(265): FactureController->runActionWithFilters()
#15 /var/www/yii_framework/framework/web/CWebApplication.php(282): FactureController->run()
#16 /var/www/yii_framework/framework/web/CWebApplication.php(141): CWebApplication->runController()
#17 /var/www/yii_framework/framework/base/CApplication.php(180): CWebApplication->processRequest()
#18 /var/www/html/devexport/index.php(13): CWebApplication->run()
REQUEST_URI=/devexport/index.php/processInvoice/facture/view/id/1
in /var/www/html/devexport/protected/modules/processInvoice/views/facture/view.php (79)
in /var/www/html/devexport/protected/modules/processInvoice/views/facture/view.php (79)
in /var/www/html/devexport/protected/modules/processInvoice/controllers/FactureController.php (66)
2018/01/18 10:47:11 [error] [php] include(Numbers/Numbers_Words_Locale_fr.php): failed to open stream: No such file or directory (/var/www/html/devexport/protected/modules/processInvoice/views/facture/view.php:79)
Stack trace:
#0 /var/www/yii_framework/framework/web/CBaseController.php(95): FactureController->renderInternal()
#1 /var/www/yii_framework/framework/web/CController.php(869): FactureController->renderFile()
#2 /var/www/yii_framework/framework/web/CController.php(782): FactureController->renderPartial()
#3 /var/www/html/devexport/protected/modules/processInvoice/controllers/FactureController.php(66): FactureController->render()
#4 unknown(0): FactureController->actionView()
#5 /var/www/yii_framework/framework/web/actions/CAction.php(108): ReflectionMethod->invokeArgs()
#6 /var/www/yii_framework/framework/web/actions/CInlineAction.php(47): CInlineAction->runWithParamsInternal()
#7 /var/www/yii_framework/framework/web/CController.php(308): CInlineAction->runWithParams()
#8 /var/www/yii_framework/framework/web/filters/CFilterChain.php(133): FactureController->runAction()
#9 /var/www/yii_framework/framework/web/filters/CFilter.php(40): CFilterChain->run()
#10 /var/www/yii_framework/framework/web/CController.php(1145): CAccessControlFilter->filter()
#11 /var/www/yii_framework/framework/web/filters/CInlineFilter.php(58): FactureController->filterAccessControl()
#12 /var/www/yii_framework/framework/web/filters/CFilterChain.php(130): CInlineFilter->filter()
#13 /var/www/yii_framework/framework/web/CController.php(291): CFilterChain->run()
#14 /var/www/yii_framework/framework/web/CController.php(265): FactureController->runActionWithFilters()
#15 /var/www/yii_framework/framework/web/CWebApplication.php(282): FactureController->run()
#16 /var/www/yii_framework/framework/web/CWebApplication.php(141): CWebApplication->runController()
#17 /var/www/yii_framework/framework/base/CApplication.php(180): CWebApplication->processRequest()
#18 /var/www/html/devexport/index.php(13): CWebApplication->run()
REQUEST_URI=/devexport/index.php/processInvoice/facture/view/id/1
in /var/www/html/devexport/protected/modules/processInvoice/views/facture/view.php (79)
in /var/www/html/devexport/protected/modules/processInvoice/views/facture/view.php (79)
in /var/www/html/devexport/protected/modules/processInvoice/controllers/FactureController.php (66)
2018/01/18 10:47:50 [error] [php] include(Numbers_Words_Locale_fr.php): failed to open stream: No such file or directory (/var/www/html/devexport/protected/modules/processInvoice/views/facture/view.php:79)
Stack trace:
#0 /var/www/yii_framework/framework/web/CBaseController.php(95): FactureController->renderInternal()
#1 /var/www/yii_framework/framework/web/CController.php(869): FactureController->renderFile()
#2 /var/www/yii_framework/framework/web/CController.php(782): FactureController->renderPartial()
#3 /var/www/html/devexport/protected/modules/processInvoice/controllers/FactureController.php(66): FactureController->render()
#4 unknown(0): FactureController->actionView()
#5 /var/www/yii_framework/framework/web/actions/CAction.php(108): ReflectionMethod->invokeArgs()
#6 /var/www/yii_framework/framework/web/actions/CInlineAction.php(47): CInlineAction->runWithParamsInternal()
#7 /var/www/yii_framework/framework/web/CController.php(308): CInlineAction->runWithParams()
#8 /var/www/yii_framework/framework/web/filters/CFilterChain.php(133): FactureController->runAction()
#9 /var/www/yii_framework/framework/web/filters/CFilter.php(40): CFilterChain->run()
#10 /var/www/yii_framework/framework/web/CController.php(1145): CAccessControlFilter->filter()
#11 /var/www/yii_framework/framework/web/filters/CInlineFilter.php(58): FactureController->filterAccessControl()
#12 /var/www/yii_framework/framework/web/filters/CFilterChain.php(130): CInlineFilter->filter()
#13 /var/www/yii_framework/framework/web/CController.php(291): CFilterChain->run()
#14 /var/www/yii_framework/framework/web/CController.php(265): FactureController->runActionWithFilters()
#15 /var/www/yii_framework/framework/web/CWebApplication.php(282): FactureController->run()
#16 /var/www/yii_framework/framework/web/CWebApplication.php(141): CWebApplication->runController()
#17 /var/www/yii_framework/framework/base/CApplication.php(180): CWebApplication->processRequest()
#18 /var/www/html/devexport/index.php(13): CWebApplication->run()
REQUEST_URI=/devexport/index.php/processInvoice/facture/view/id/1
in /var/www/html/devexport/protected/modules/processInvoice/views/facture/view.php (79)
in /var/www/html/devexport/protected/modules/processInvoice/views/facture/view.php (79)
in /var/www/html/devexport/protected/modules/processInvoice/controllers/FactureController.php (66)
2018/01/18 10:53:37 [error] [php] include(fr.php): failed to open stream: No such file or directory (/var/www/html/devexport/protected/modules/processInvoice/views/facture/view.php:79)
Stack trace:
#0 /var/www/yii_framework/framework/web/CBaseController.php(95): FactureController->renderInternal()
#1 /var/www/yii_framework/framework/web/CController.php(869): FactureController->renderFile()
#2 /var/www/yii_framework/framework/web/CController.php(782): FactureController->renderPartial()
#3 /var/www/html/devexport/protected/modules/processInvoice/controllers/FactureController.php(66): FactureController->render()
#4 unknown(0): FactureController->actionView()
#5 /var/www/yii_framework/framework/web/actions/CAction.php(108): ReflectionMethod->invokeArgs()
#6 /var/www/yii_framework/framework/web/actions/CInlineAction.php(47): CInlineAction->runWithParamsInternal()
#7 /var/www/yii_framework/framework/web/CController.php(308): CInlineAction->runWithParams()
#8 /var/www/yii_framework/framework/web/filters/CFilterChain.php(133): FactureController->runAction()
#9 /var/www/yii_framework/framework/web/filters/CFilter.php(40): CFilterChain->run()
#10 /var/www/yii_framework/framework/web/CController.php(1145): CAccessControlFilter->filter()
#11 /var/www/yii_framework/framework/web/filters/CInlineFilter.php(58): FactureController->filterAccessControl()
#12 /var/www/yii_framework/framework/web/filters/CFilterChain.php(130): CInlineFilter->filter()
#13 /var/www/yii_framework/framework/web/CController.php(291): CFilterChain->run()
#14 /var/www/yii_framework/framework/web/CController.php(265): FactureController->runActionWithFilters()
#15 /var/www/yii_framework/framework/web/CWebApplication.php(282): FactureController->run()
#16 /var/www/yii_framework/framework/web/CWebApplication.php(141): CWebApplication->runController()
#17 /var/www/yii_framework/framework/base/CApplication.php(180): CWebApplication->processRequest()
#18 /var/www/html/devexport/index.php(13): CWebApplication->run()
REQUEST_URI=/devexport/index.php/processInvoice/facture/view/id/1
in /var/www/html/devexport/protected/modules/processInvoice/views/facture/view.php (79)
in /var/www/html/devexport/protected/modules/processInvoice/views/facture/view.php (79)
in /var/www/html/devexport/protected/modules/processInvoice/controllers/FactureController.php (66)
2018/01/18 10:54:22 [error] [php] include(Numbers/Words/Locala/fr.php): failed to open stream: No such file or directory (/var/www/html/devexport/protected/modules/processInvoice/views/facture/view.php:79)
Stack trace:
#0 /var/www/yii_framework/framework/web/CBaseController.php(95): FactureController->renderInternal()
#1 /var/www/yii_framework/framework/web/CController.php(869): FactureController->renderFile()
#2 /var/www/yii_framework/framework/web/CController.php(782): FactureController->renderPartial()
#3 /var/www/html/devexport/protected/modules/processInvoice/controllers/FactureController.php(66): FactureController->render()
#4 unknown(0): FactureController->actionView()
#5 /var/www/yii_framework/framework/web/actions/CAction.php(108): ReflectionMethod->invokeArgs()
#6 /var/www/yii_framework/framework/web/actions/CInlineAction.php(47): CInlineAction->runWithParamsInternal()
#7 /var/www/yii_framework/framework/web/CController.php(308): CInlineAction->runWithParams()
#8 /var/www/yii_framework/framework/web/filters/CFilterChain.php(133): FactureController->runAction()
#9 /var/www/yii_framework/framework/web/filters/CFilter.php(40): CFilterChain->run()
#10 /var/www/yii_framework/framework/web/CController.php(1145): CAccessControlFilter->filter()
#11 /var/www/yii_framework/framework/web/filters/CInlineFilter.php(58): FactureController->filterAccessControl()
#12 /var/www/yii_framework/framework/web/filters/CFilterChain.php(130): CInlineFilter->filter()
#13 /var/www/yii_framework/framework/web/CController.php(291): CFilterChain->run()
#14 /var/www/yii_framework/framework/web/CController.php(265): FactureController->runActionWithFilters()
#15 /var/www/yii_framework/framework/web/CWebApplication.php(282): FactureController->run()
#16 /var/www/yii_framework/framework/web/CWebApplication.php(141): CWebApplication->runController()
#17 /var/www/yii_framework/framework/base/CApplication.php(180): CWebApplication->processRequest()
#18 /var/www/html/devexport/index.php(13): CWebApplication->run()
REQUEST_URI=/devexport/index.php/processInvoice/facture/view/id/1
in /var/www/html/devexport/protected/modules/processInvoice/views/facture/view.php (79)
in /var/www/html/devexport/protected/modules/processInvoice/views/facture/view.php (79)
in /var/www/html/devexport/protected/modules/processInvoice/controllers/FactureController.php (66)
2018/01/18 10:55:02 [error] [php] include(Numbers_Words_Locale_fr.php): failed to open stream: No such file or directory (/var/www/yii_framework/framework/YiiBase.php:427)
Stack trace:
#0 unknown(0): spl_autoload_call()
#1 /var/www/html/devexport/protected/components/Numbers/Words.php(281): class_exists()
#2 /var/www/html/devexport/protected/components/Numbers/Words.php(114): loadLocale()
#3 /var/www/html/devexport/protected/modules/processInvoice/views/facture/view.php(81): Numbers_Words->toWords()
#4 /var/www/yii_framework/framework/web/CBaseController.php(126): require()
#5 /var/www/yii_framework/framework/web/CBaseController.php(95): FactureController->renderInternal()
#6 /var/www/yii_framework/framework/web/CController.php(869): FactureController->renderFile()
#7 /var/www/yii_framework/framework/web/CController.php(782): FactureController->renderPartial()
#8 /var/www/html/devexport/protected/modules/processInvoice/controllers/FactureController.php(66): FactureController->render()
#9 unknown(0): FactureController->actionView()
#10 /var/www/yii_framework/framework/web/actions/CAction.php(108): ReflectionMethod->invokeArgs()
#11 /var/www/yii_framework/framework/web/actions/CInlineAction.php(47): CInlineAction->runWithParamsInternal()
#12 /var/www/yii_framework/framework/web/CController.php(308): CInlineAction->runWithParams()
#13 /var/www/yii_framework/framework/web/filters/CFilterChain.php(133): FactureController->runAction()
#14 /var/www/yii_framework/framework/web/filters/CFilter.php(40): CFilterChain->run()
#15 /var/www/yii_framework/framework/web/CController.php(1145): CAccessControlFilter->filter()
#16 /var/www/yii_framework/framework/web/filters/CInlineFilter.php(58): FactureController->filterAccessControl()
#17 /var/www/yii_framework/framework/web/filters/CFilterChain.php(130): CInlineFilter->filter()
#18 /var/www/yii_framework/framework/web/CController.php(291): CFilterChain->run()
#19 /var/www/yii_framework/framework/web/CController.php(265): FactureController->runActionWithFilters()
#20 /var/www/yii_framework/framework/web/CWebApplication.php(282): FactureController->run()
#21 /var/www/yii_framework/framework/web/CWebApplication.php(141): CWebApplication->runController()
#22 /var/www/yii_framework/framework/base/CApplication.php(180): CWebApplication->processRequest()
#23 /var/www/html/devexport/index.php(13): CWebApplication->run()
REQUEST_URI=/devexport/index.php/processInvoice/facture/view/id/1
in /var/www/html/devexport/protected/components/Numbers/Words.php (281)
in /var/www/html/devexport/protected/components/Numbers/Words.php (114)
in /var/www/html/devexport/protected/modules/processInvoice/views/facture/view.php (81)
2018/01/18 10:56:29 [error] [php] include(Numbers_Words_Locale_en_US.php): failed to open stream: No such file or directory (/var/www/yii_framework/framework/YiiBase.php:427)
Stack trace:
#0 unknown(0): spl_autoload_call()
#1 /var/www/html/devexport/protected/components/Numbers/Words.php(281): class_exists()
#2 /var/www/html/devexport/protected/components/Numbers/Words.php(114): loadLocale()
#3 /var/www/html/devexport/protected/modules/processInvoice/views/facture/view.php(81): Numbers_Words->toWords()
#4 /var/www/yii_framework/framework/web/CBaseController.php(126): require()
#5 /var/www/yii_framework/framework/web/CBaseController.php(95): FactureController->renderInternal()
#6 /var/www/yii_framework/framework/web/CController.php(869): FactureController->renderFile()
#7 /var/www/yii_framework/framework/web/CController.php(782): FactureController->renderPartial()
#8 /var/www/html/devexport/protected/modules/processInvoice/controllers/FactureController.php(66): FactureController->render()
#9 unknown(0): FactureController->actionView()
#10 /var/www/yii_framework/framework/web/actions/CAction.php(108): ReflectionMethod->invokeArgs()
#11 /var/www/yii_framework/framework/web/actions/CInlineAction.php(47): CInlineAction->runWithParamsInternal()
#12 /var/www/yii_framework/framework/web/CController.php(308): CInlineAction->runWithParams()
#13 /var/www/yii_framework/framework/web/filters/CFilterChain.php(133): FactureController->runAction()
#14 /var/www/yii_framework/framework/web/filters/CFilter.php(40): CFilterChain->run()
#15 /var/www/yii_framework/framework/web/CController.php(1145): CAccessControlFilter->filter()
#16 /var/www/yii_framework/framework/web/filters/CInlineFilter.php(58): FactureController->filterAccessControl()
#17 /var/www/yii_framework/framework/web/filters/CFilterChain.php(130): CInlineFilter->filter()
#18 /var/www/yii_framework/framework/web/CController.php(291): CFilterChain->run()
#19 /var/www/yii_framework/framework/web/CController.php(265): FactureController->runActionWithFilters()
#20 /var/www/yii_framework/framework/web/CWebApplication.php(282): FactureController->run()
#21 /var/www/yii_framework/framework/web/CWebApplication.php(141): CWebApplication->runController()
#22 /var/www/yii_framework/framework/base/CApplication.php(180): CWebApplication->processRequest()
#23 /var/www/html/devexport/index.php(13): CWebApplication->run()
REQUEST_URI=/devexport/index.php/processInvoice/facture/view/id/1
in /var/www/html/devexport/protected/components/Numbers/Words.php (281)
in /var/www/html/devexport/protected/components/Numbers/Words.php (114)
in /var/www/html/devexport/protected/modules/processInvoice/views/facture/view.php (81)
2018/01/18 13:54:31 [error] [php] include(Numbers_Words_Locale_fr.php): failed to open stream: No such file or directory (/var/www/yii_framework/framework/YiiBase.php:427)
Stack trace:
#0 unknown(0): spl_autoload_call()
#1 /var/www/html/devexport/protected/components/Numbers/Words.php(281): class_exists()
#2 /var/www/html/devexport/protected/components/Numbers/Words.php(114): loadLocale()
#3 /var/www/html/devexport/protected/components/NumberToWords.php(15): Numbers_Words->toWords()
#4 /var/www/html/devexport/protected/modules/processInvoice/views/facture/view.php(78): toFrench()
#5 /var/www/yii_framework/framework/web/CBaseController.php(126): require()
#6 /var/www/yii_framework/framework/web/CBaseController.php(95): FactureController->renderInternal()
#7 /var/www/yii_framework/framework/web/CController.php(869): FactureController->renderFile()
#8 /var/www/yii_framework/framework/web/CController.php(782): FactureController->renderPartial()
#9 /var/www/html/devexport/protected/modules/processInvoice/controllers/FactureController.php(66): FactureController->render()
#10 unknown(0): FactureController->actionView()
#11 /var/www/yii_framework/framework/web/actions/CAction.php(108): ReflectionMethod->invokeArgs()
#12 /var/www/yii_framework/framework/web/actions/CInlineAction.php(47): CInlineAction->runWithParamsInternal()
#13 /var/www/yii_framework/framework/web/CController.php(308): CInlineAction->runWithParams()
#14 /var/www/yii_framework/framework/web/filters/CFilterChain.php(133): FactureController->runAction()
#15 /var/www/yii_framework/framework/web/filters/CFilter.php(40): CFilterChain->run()
#16 /var/www/yii_framework/framework/web/CController.php(1145): CAccessControlFilter->filter()
#17 /var/www/yii_framework/framework/web/filters/CInlineFilter.php(58): FactureController->filterAccessControl()
#18 /var/www/yii_framework/framework/web/filters/CFilterChain.php(130): CInlineFilter->filter()
#19 /var/www/yii_framework/framework/web/CController.php(291): CFilterChain->run()
#20 /var/www/yii_framework/framework/web/CController.php(265): FactureController->runActionWithFilters()
#21 /var/www/yii_framework/framework/web/CWebApplication.php(282): FactureController->run()
#22 /var/www/yii_framework/framework/web/CWebApplication.php(141): CWebApplication->runController()
#23 /var/www/yii_framework/framework/base/CApplication.php(180): CWebApplication->processRequest()
#24 /var/www/html/devexport/index.php(13): CWebApplication->run()
REQUEST_URI=/devexport/index.php/processInvoice/facture/view/id/1
in /var/www/html/devexport/protected/components/Numbers/Words.php (281)
in /var/www/html/devexport/protected/components/Numbers/Words.php (114)
in /var/www/html/devexport/protected/components/NumberToWords.php (15)
2018/01/18 13:57:41 [error] [php] include(Numbers_Words_Locale_fr.php): failed to open stream: No such file or directory (/var/www/yii_framework/framework/YiiBase.php:427)
Stack trace:
#0 unknown(0): spl_autoload_call()
#1 /var/www/html/devexport/protected/components/Numbers/Words.php(281): class_exists()
#2 /var/www/html/devexport/protected/components/Numbers/Words.php(114): loadLocale()
#3 /var/www/html/devexport/protected/components/NumberToWords.php(15): Numbers_Words->toWords()
#4 /var/www/html/devexport/protected/modules/processInvoice/views/facture/view.php(78): toFrench()
#5 /var/www/yii_framework/framework/web/CBaseController.php(126): require()
#6 /var/www/yii_framework/framework/web/CBaseController.php(95): FactureController->renderInternal()
#7 /var/www/yii_framework/framework/web/CController.php(869): FactureController->renderFile()
#8 /var/www/yii_framework/framework/web/CController.php(782): FactureController->renderPartial()
#9 /var/www/html/devexport/protected/modules/processInvoice/controllers/FactureController.php(66): FactureController->render()
#10 unknown(0): FactureController->actionView()
#11 /var/www/yii_framework/framework/web/actions/CAction.php(108): ReflectionMethod->invokeArgs()
#12 /var/www/yii_framework/framework/web/actions/CInlineAction.php(47): CInlineAction->runWithParamsInternal()
#13 /var/www/yii_framework/framework/web/CController.php(308): CInlineAction->runWithParams()
#14 /var/www/yii_framework/framework/web/filters/CFilterChain.php(133): FactureController->runAction()
#15 /var/www/yii_framework/framework/web/filters/CFilter.php(40): CFilterChain->run()
#16 /var/www/yii_framework/framework/web/CController.php(1145): CAccessControlFilter->filter()
#17 /var/www/yii_framework/framework/web/filters/CInlineFilter.php(58): FactureController->filterAccessControl()
#18 /var/www/yii_framework/framework/web/filters/CFilterChain.php(130): CInlineFilter->filter()
#19 /var/www/yii_framework/framework/web/CController.php(291): CFilterChain->run()
#20 /var/www/yii_framework/framework/web/CController.php(265): FactureController->runActionWithFilters()
#21 /var/www/yii_framework/framework/web/CWebApplication.php(282): FactureController->run()
#22 /var/www/yii_framework/framework/web/CWebApplication.php(141): CWebApplication->runController()
#23 /var/www/yii_framework/framework/base/CApplication.php(180): CWebApplication->processRequest()
#24 /var/www/html/devexport/index.php(13): CWebApplication->run()
REQUEST_URI=/devexport/index.php/processInvoice/facture/view/id/1
in /var/www/html/devexport/protected/components/Numbers/Words.php (281)
in /var/www/html/devexport/protected/components/Numbers/Words.php (114)
in /var/www/html/devexport/protected/components/NumberToWords.php (15)
2018/01/18 13:58:58 [error] [php] include(Locale/Numbers_Words_Locale_fr.php): failed to open stream: No such file or directory (/var/www/yii_framework/framework/YiiBase.php:427)
Stack trace:
#0 unknown(0): spl_autoload_call()
#1 /var/www/html/devexport/protected/components/Numbers/Words.php(281): class_exists()
#2 /var/www/html/devexport/protected/components/Numbers/Words.php(114): loadLocale()
#3 /var/www/html/devexport/protected/components/NumberToWords.php(15): Numbers_Words->toWords()
#4 /var/www/html/devexport/protected/modules/processInvoice/views/facture/view.php(78): toFrench()
#5 /var/www/yii_framework/framework/web/CBaseController.php(126): require()
#6 /var/www/yii_framework/framework/web/CBaseController.php(95): FactureController->renderInternal()
#7 /var/www/yii_framework/framework/web/CController.php(869): FactureController->renderFile()
#8 /var/www/yii_framework/framework/web/CController.php(782): FactureController->renderPartial()
#9 /var/www/html/devexport/protected/modules/processInvoice/controllers/FactureController.php(66): FactureController->render()
#10 unknown(0): FactureController->actionView()
#11 /var/www/yii_framework/framework/web/actions/CAction.php(108): ReflectionMethod->invokeArgs()
#12 /var/www/yii_framework/framework/web/actions/CInlineAction.php(47): CInlineAction->runWithParamsInternal()
#13 /var/www/yii_framework/framework/web/CController.php(308): CInlineAction->runWithParams()
#14 /var/www/yii_framework/framework/web/filters/CFilterChain.php(133): FactureController->runAction()
#15 /var/www/yii_framework/framework/web/filters/CFilter.php(40): CFilterChain->run()
#16 /var/www/yii_framework/framework/web/CController.php(1145): CAccessControlFilter->filter()
#17 /var/www/yii_framework/framework/web/filters/CInlineFilter.php(58): FactureController->filterAccessControl()
#18 /var/www/yii_framework/framework/web/filters/CFilterChain.php(130): CInlineFilter->filter()
#19 /var/www/yii_framework/framework/web/CController.php(291): CFilterChain->run()
#20 /var/www/yii_framework/framework/web/CController.php(265): FactureController->runActionWithFilters()
#21 /var/www/yii_framework/framework/web/CWebApplication.php(282): FactureController->run()
#22 /var/www/yii_framework/framework/web/CWebApplication.php(141): CWebApplication->runController()
#23 /var/www/yii_framework/framework/base/CApplication.php(180): CWebApplication->processRequest()
#24 /var/www/html/devexport/index.php(13): CWebApplication->run()
REQUEST_URI=/devexport/index.php/processInvoice/facture/view/id/1
in /var/www/html/devexport/protected/components/Numbers/Words.php (281)
in /var/www/html/devexport/protected/components/Numbers/Words.php (114)
in /var/www/html/devexport/protected/components/NumberToWords.php (15)
2018/01/18 13:59:10 [error] [php] include(/Locale/Numbers_Words_Locale_fr.php): failed to open stream: No such file or directory (/var/www/yii_framework/framework/YiiBase.php:427)
Stack trace:
#0 unknown(0): spl_autoload_call()
#1 /var/www/html/devexport/protected/components/Numbers/Words.php(281): class_exists()
#2 /var/www/html/devexport/protected/components/Numbers/Words.php(114): loadLocale()
#3 /var/www/html/devexport/protected/components/NumberToWords.php(15): Numbers_Words->toWords()
#4 /var/www/html/devexport/protected/modules/processInvoice/views/facture/view.php(78): toFrench()
#5 /var/www/yii_framework/framework/web/CBaseController.php(126): require()
#6 /var/www/yii_framework/framework/web/CBaseController.php(95): FactureController->renderInternal()
#7 /var/www/yii_framework/framework/web/CController.php(869): FactureController->renderFile()
#8 /var/www/yii_framework/framework/web/CController.php(782): FactureController->renderPartial()
#9 /var/www/html/devexport/protected/modules/processInvoice/controllers/FactureController.php(66): FactureController->render()
#10 unknown(0): FactureController->actionView()
#11 /var/www/yii_framework/framework/web/actions/CAction.php(108): ReflectionMethod->invokeArgs()
#12 /var/www/yii_framework/framework/web/actions/CInlineAction.php(47): CInlineAction->runWithParamsInternal()
#13 /var/www/yii_framework/framework/web/CController.php(308): CInlineAction->runWithParams()
#14 /var/www/yii_framework/framework/web/filters/CFilterChain.php(133): FactureController->runAction()
#15 /var/www/yii_framework/framework/web/filters/CFilter.php(40): CFilterChain->run()
#16 /var/www/yii_framework/framework/web/CController.php(1145): CAccessControlFilter->filter()
#17 /var/www/yii_framework/framework/web/filters/CInlineFilter.php(58): FactureController->filterAccessControl()
#18 /var/www/yii_framework/framework/web/filters/CFilterChain.php(130): CInlineFilter->filter()
#19 /var/www/yii_framework/framework/web/CController.php(291): CFilterChain->run()
#20 /var/www/yii_framework/framework/web/CController.php(265): FactureController->runActionWithFilters()
#21 /var/www/yii_framework/framework/web/CWebApplication.php(282): FactureController->run()
#22 /var/www/yii_framework/framework/web/CWebApplication.php(141): CWebApplication->runController()
#23 /var/www/yii_framework/framework/base/CApplication.php(180): CWebApplication->processRequest()
#24 /var/www/html/devexport/index.php(13): CWebApplication->run()
REQUEST_URI=/devexport/index.php/processInvoice/facture/view/id/1
in /var/www/html/devexport/protected/components/Numbers/Words.php (281)
in /var/www/html/devexport/protected/components/Numbers/Words.php (114)
in /var/www/html/devexport/protected/components/NumberToWords.php (15)
2018/01/18 13:59:18 [error] [php] include(Numbers_Words_Locale_fr.php): failed to open stream: No such file or directory (/var/www/yii_framework/framework/YiiBase.php:427)
Stack trace:
#0 unknown(0): spl_autoload_call()
#1 /var/www/html/devexport/protected/components/Numbers/Words.php(281): class_exists()
#2 /var/www/html/devexport/protected/components/Numbers/Words.php(114): loadLocale()
#3 /var/www/html/devexport/protected/components/NumberToWords.php(15): Numbers_Words->toWords()
#4 /var/www/html/devexport/protected/modules/processInvoice/views/facture/view.php(78): toFrench()
#5 /var/www/yii_framework/framework/web/CBaseController.php(126): require()
#6 /var/www/yii_framework/framework/web/CBaseController.php(95): FactureController->renderInternal()
#7 /var/www/yii_framework/framework/web/CController.php(869): FactureController->renderFile()
#8 /var/www/yii_framework/framework/web/CController.php(782): FactureController->renderPartial()
#9 /var/www/html/devexport/protected/modules/processInvoice/controllers/FactureController.php(66): FactureController->render()
#10 unknown(0): FactureController->actionView()
#11 /var/www/yii_framework/framework/web/actions/CAction.php(108): ReflectionMethod->invokeArgs()
#12 /var/www/yii_framework/framework/web/actions/CInlineAction.php(47): CInlineAction->runWithParamsInternal()
#13 /var/www/yii_framework/framework/web/CController.php(308): CInlineAction->runWithParams()
#14 /var/www/yii_framework/framework/web/filters/CFilterChain.php(133): FactureController->runAction()
#15 /var/www/yii_framework/framework/web/filters/CFilter.php(40): CFilterChain->run()
#16 /var/www/yii_framework/framework/web/CController.php(1145): CAccessControlFilter->filter()
#17 /var/www/yii_framework/framework/web/filters/CInlineFilter.php(58): FactureController->filterAccessControl()
#18 /var/www/yii_framework/framework/web/filters/CFilterChain.php(130): CInlineFilter->filter()
#19 /var/www/yii_framework/framework/web/CController.php(291): CFilterChain->run()
#20 /var/www/yii_framework/framework/web/CController.php(265): FactureController->runActionWithFilters()
#21 /var/www/yii_framework/framework/web/CWebApplication.php(282): FactureController->run()
#22 /var/www/yii_framework/framework/web/CWebApplication.php(141): CWebApplication->runController()
#23 /var/www/yii_framework/framework/base/CApplication.php(180): CWebApplication->processRequest()
#24 /var/www/html/devexport/index.php(13): CWebApplication->run()
REQUEST_URI=/devexport/index.php/processInvoice/facture/view/id/1
in /var/www/html/devexport/protected/components/Numbers/Words.php (281)
in /var/www/html/devexport/protected/components/Numbers/Words.php (114)
in /var/www/html/devexport/protected/components/NumberToWords.php (15)
2018/01/18 13:59:44 [error] [php] include(Numbers_Words_Locale_fr.php): failed to open stream: No such file or directory (/var/www/yii_framework/framework/YiiBase.php:427)
Stack trace:
#0 unknown(0): spl_autoload_call()
#1 /var/www/html/devexport/protected/components/Numbers/Words.php(281): class_exists()
#2 /var/www/html/devexport/protected/components/Numbers/Words.php(114): loadLocale()
#3 /var/www/html/devexport/protected/components/NumberToWords.php(15): Numbers_Words->toWords()
#4 /var/www/html/devexport/protected/modules/processInvoice/views/facture/view.php(78): toFrench()
#5 /var/www/yii_framework/framework/web/CBaseController.php(126): require()
#6 /var/www/yii_framework/framework/web/CBaseController.php(95): FactureController->renderInternal()
#7 /var/www/yii_framework/framework/web/CController.php(869): FactureController->renderFile()
#8 /var/www/yii_framework/framework/web/CController.php(782): FactureController->renderPartial()
#9 /var/www/html/devexport/protected/modules/processInvoice/controllers/FactureController.php(66): FactureController->render()
#10 unknown(0): FactureController->actionView()
#11 /var/www/yii_framework/framework/web/actions/CAction.php(108): ReflectionMethod->invokeArgs()
#12 /var/www/yii_framework/framework/web/actions/CInlineAction.php(47): CInlineAction->runWithParamsInternal()
#13 /var/www/yii_framework/framework/web/CController.php(308): CInlineAction->runWithParams()
#14 /var/www/yii_framework/framework/web/filters/CFilterChain.php(133): FactureController->runAction()
#15 /var/www/yii_framework/framework/web/filters/CFilter.php(40): CFilterChain->run()
#16 /var/www/yii_framework/framework/web/CController.php(1145): CAccessControlFilter->filter()
#17 /var/www/yii_framework/framework/web/filters/CInlineFilter.php(58): FactureController->filterAccessControl()
#18 /var/www/yii_framework/framework/web/filters/CFilterChain.php(130): CInlineFilter->filter()
#19 /var/www/yii_framework/framework/web/CController.php(291): CFilterChain->run()
#20 /var/www/yii_framework/framework/web/CController.php(265): FactureController->runActionWithFilters()
#21 /var/www/yii_framework/framework/web/CWebApplication.php(282): FactureController->run()
#22 /var/www/yii_framework/framework/web/CWebApplication.php(141): CWebApplication->runController()
#23 /var/www/yii_framework/framework/base/CApplication.php(180): CWebApplication->processRequest()
#24 /var/www/html/devexport/index.php(13): CWebApplication->run()
REQUEST_URI=/devexport/index.php/processInvoice/facture/view/id/1
in /var/www/html/devexport/protected/components/Numbers/Words.php (281)
in /var/www/html/devexport/protected/components/Numbers/Words.php (114)
in /var/www/html/devexport/protected/components/NumberToWords.php (15)
2018/01/18 13:59:46 [error] [php] include(Numbers_Words_Locale_fr.php): failed to open stream: No such file or directory (/var/www/yii_framework/framework/YiiBase.php:427)
Stack trace:
#0 unknown(0): spl_autoload_call()
#1 /var/www/html/devexport/protected/components/Numbers/Words.php(281): class_exists()
#2 /var/www/html/devexport/protected/components/Numbers/Words.php(114): loadLocale()
#3 /var/www/html/devexport/protected/components/NumberToWords.php(15): Numbers_Words->toWords()
#4 /var/www/html/devexport/protected/modules/processInvoice/views/facture/view.php(78): toFrench()
#5 /var/www/yii_framework/framework/web/CBaseController.php(126): require()
#6 /var/www/yii_framework/framework/web/CBaseController.php(95): FactureController->renderInternal()
#7 /var/www/yii_framework/framework/web/CController.php(869): FactureController->renderFile()
#8 /var/www/yii_framework/framework/web/CController.php(782): FactureController->renderPartial()
#9 /var/www/html/devexport/protected/modules/processInvoice/controllers/FactureController.php(66): FactureController->render()
#10 unknown(0): FactureController->actionView()
#11 /var/www/yii_framework/framework/web/actions/CAction.php(108): ReflectionMethod->invokeArgs()
#12 /var/www/yii_framework/framework/web/actions/CInlineAction.php(47): CInlineAction->runWithParamsInternal()
#13 /var/www/yii_framework/framework/web/CController.php(308): CInlineAction->runWithParams()
#14 /var/www/yii_framework/framework/web/filters/CFilterChain.php(133): FactureController->runAction()
#15 /var/www/yii_framework/framework/web/filters/CFilter.php(40): CFilterChain->run()
#16 /var/www/yii_framework/framework/web/CController.php(1145): CAccessControlFilter->filter()
#17 /var/www/yii_framework/framework/web/filters/CInlineFilter.php(58): FactureController->filterAccessControl()
#18 /var/www/yii_framework/framework/web/filters/CFilterChain.php(130): CInlineFilter->filter()
#19 /var/www/yii_framework/framework/web/CController.php(291): CFilterChain->run()
#20 /var/www/yii_framework/framework/web/CController.php(265): FactureController->runActionWithFilters()
#21 /var/www/yii_framework/framework/web/CWebApplication.php(282): FactureController->run()
#22 /var/www/yii_framework/framework/web/CWebApplication.php(141): CWebApplication->runController()
#23 /var/www/yii_framework/framework/base/CApplication.php(180): CWebApplication->processRequest()
#24 /var/www/html/devexport/index.php(13): CWebApplication->run()
REQUEST_URI=/devexport/index.php/processInvoice/facture/view/id/1
in /var/www/html/devexport/protected/components/Numbers/Words.php (281)
in /var/www/html/devexport/protected/components/Numbers/Words.php (114)
in /var/www/html/devexport/protected/components/NumberToWords.php (15)
2018/01/18 14:00:38 [error] [php] include(Locale/*): failed to open stream: No such file or directory (/var/www/html/devexport/protected/components/Numbers/Words.php:29)
Stack trace:
#0 /var/www/yii_framework/framework/YiiBase.php(427): include()
#1 unknown(0): autoload()
#2 /var/www/html/devexport/protected/modules/processInvoice/views/facture/view.php(78): spl_autoload_call()
#3 /var/www/yii_framework/framework/web/CBaseController.php(126): require()
#4 /var/www/yii_framework/framework/web/CBaseController.php(95): FactureController->renderInternal()
#5 /var/www/yii_framework/framework/web/CController.php(869): FactureController->renderFile()
#6 /var/www/yii_framework/framework/web/CController.php(782): FactureController->renderPartial()
#7 /var/www/html/devexport/protected/modules/processInvoice/controllers/FactureController.php(66): FactureController->render()
#8 unknown(0): FactureController->actionView()
#9 /var/www/yii_framework/framework/web/actions/CAction.php(108): ReflectionMethod->invokeArgs()
#10 /var/www/yii_framework/framework/web/actions/CInlineAction.php(47): CInlineAction->runWithParamsInternal()
#11 /var/www/yii_framework/framework/web/CController.php(308): CInlineAction->runWithParams()
#12 /var/www/yii_framework/framework/web/filters/CFilterChain.php(133): FactureController->runAction()
#13 /var/www/yii_framework/framework/web/filters/CFilter.php(40): CFilterChain->run()
#14 /var/www/yii_framework/framework/web/CController.php(1145): CAccessControlFilter->filter()
#15 /var/www/yii_framework/framework/web/filters/CInlineFilter.php(58): FactureController->filterAccessControl()
#16 /var/www/yii_framework/framework/web/filters/CFilterChain.php(130): CInlineFilter->filter()
#17 /var/www/yii_framework/framework/web/CController.php(291): CFilterChain->run()
#18 /var/www/yii_framework/framework/web/CController.php(265): FactureController->runActionWithFilters()
#19 /var/www/yii_framework/framework/web/CWebApplication.php(282): FactureController->run()
#20 /var/www/yii_framework/framework/web/CWebApplication.php(141): CWebApplication->runController()
#21 /var/www/yii_framework/framework/base/CApplication.php(180): CWebApplication->processRequest()
#22 /var/www/html/devexport/index.php(13): CWebApplication->run()
REQUEST_URI=/devexport/index.php/processInvoice/facture/view/id/1
in /var/www/html/devexport/protected/components/Numbers/Words.php (29)
in /var/www/html/devexport/protected/components/Numbers/Words.php (29)
in /var/www/html/devexport/protected/components/NumberToWords.php (9)
2018/01/18 14:03:50 [error] [php] include(Numbers_Words_Locale_fr.php): failed to open stream: No such file or directory (/var/www/yii_framework/framework/YiiBase.php:427)
Stack trace:
#0 unknown(0): spl_autoload_call()
#1 /var/www/html/devexport/protected/components/Numbers/Words.php(286): class_exists()
#2 /var/www/html/devexport/protected/components/Numbers/Words.php(119): loadLocale()
#3 /var/www/html/devexport/protected/components/NumberToWords.php(15): Numbers_Words->toWords()
#4 /var/www/html/devexport/protected/modules/processInvoice/views/facture/view.php(78): toFrench()
#5 /var/www/yii_framework/framework/web/CBaseController.php(126): require()
#6 /var/www/yii_framework/framework/web/CBaseController.php(95): FactureController->renderInternal()
#7 /var/www/yii_framework/framework/web/CController.php(869): FactureController->renderFile()
#8 /var/www/yii_framework/framework/web/CController.php(782): FactureController->renderPartial()
#9 /var/www/html/devexport/protected/modules/processInvoice/controllers/FactureController.php(66): FactureController->render()
#10 unknown(0): FactureController->actionView()
#11 /var/www/yii_framework/framework/web/actions/CAction.php(108): ReflectionMethod->invokeArgs()
#12 /var/www/yii_framework/framework/web/actions/CInlineAction.php(47): CInlineAction->runWithParamsInternal()
#13 /var/www/yii_framework/framework/web/CController.php(308): CInlineAction->runWithParams()
#14 /var/www/yii_framework/framework/web/filters/CFilterChain.php(133): FactureController->runAction()
#15 /var/www/yii_framework/framework/web/filters/CFilter.php(40): CFilterChain->run()
#16 /var/www/yii_framework/framework/web/CController.php(1145): CAccessControlFilter->filter()
#17 /var/www/yii_framework/framework/web/filters/CInlineFilter.php(58): FactureController->filterAccessControl()
#18 /var/www/yii_framework/framework/web/filters/CFilterChain.php(130): CInlineFilter->filter()
#19 /var/www/yii_framework/framework/web/CController.php(291): CFilterChain->run()
#20 /var/www/yii_framework/framework/web/CController.php(265): FactureController->runActionWithFilters()
#21 /var/www/yii_framework/framework/web/CWebApplication.php(282): FactureController->run()
#22 /var/www/yii_framework/framework/web/CWebApplication.php(141): CWebApplication->runController()
#23 /var/www/yii_framework/framework/base/CApplication.php(180): CWebApplication->processRequest()
#24 /var/www/html/devexport/index.php(13): CWebApplication->run()
REQUEST_URI=/devexport/index.php/processInvoice/facture/view/id/1
in /var/www/html/devexport/protected/components/Numbers/Words.php (286)
in /var/www/html/devexport/protected/components/Numbers/Words.php (119)
in /var/www/html/devexport/protected/components/NumberToWords.php (15)
2018/01/18 14:04:51 [error] [php] include(Numbers_Words_Locale_fr.php): failed to open stream: No such file or directory (/var/www/yii_framework/framework/YiiBase.php:427)
Stack trace:
#0 unknown(0): spl_autoload_call()
#1 /var/www/html/devexport/protected/components/Numbers/Words.php(286): class_exists()
#2 /var/www/html/devexport/protected/components/Numbers/Words.php(119): loadLocale()
#3 /var/www/html/devexport/protected/components/NumberToWords.php(15): Numbers_Words->toWords()
#4 /var/www/html/devexport/protected/modules/processInvoice/views/facture/view.php(78): toFrench()
#5 /var/www/yii_framework/framework/web/CBaseController.php(126): require()
#6 /var/www/yii_framework/framework/web/CBaseController.php(95): FactureController->renderInternal()
#7 /var/www/yii_framework/framework/web/CController.php(869): FactureController->renderFile()
#8 /var/www/yii_framework/framework/web/CController.php(782): FactureController->renderPartial()
#9 /var/www/html/devexport/protected/modules/processInvoice/controllers/FactureController.php(66): FactureController->render()
#10 unknown(0): FactureController->actionView()
#11 /var/www/yii_framework/framework/web/actions/CAction.php(108): ReflectionMethod->invokeArgs()
#12 /var/www/yii_framework/framework/web/actions/CInlineAction.php(47): CInlineAction->runWithParamsInternal()
#13 /var/www/yii_framework/framework/web/CController.php(308): CInlineAction->runWithParams()
#14 /var/www/yii_framework/framework/web/filters/CFilterChain.php(133): FactureController->runAction()
#15 /var/www/yii_framework/framework/web/filters/CFilter.php(40): CFilterChain->run()
#16 /var/www/yii_framework/framework/web/CController.php(1145): CAccessControlFilter->filter()
#17 /var/www/yii_framework/framework/web/filters/CInlineFilter.php(58): FactureController->filterAccessControl()
#18 /var/www/yii_framework/framework/web/filters/CFilterChain.php(130): CInlineFilter->filter()
#19 /var/www/yii_framework/framework/web/CController.php(291): CFilterChain->run()
#20 /var/www/yii_framework/framework/web/CController.php(265): FactureController->runActionWithFilters()
#21 /var/www/yii_framework/framework/web/CWebApplication.php(282): FactureController->run()
#22 /var/www/yii_framework/framework/web/CWebApplication.php(141): CWebApplication->runController()
#23 /var/www/yii_framework/framework/base/CApplication.php(180): CWebApplication->processRequest()
#24 /var/www/html/devexport/index.php(13): CWebApplication->run()
REQUEST_URI=/devexport/index.php/processInvoice/facture/view/id/1
in /var/www/html/devexport/protected/components/Numbers/Words.php (286)
in /var/www/html/devexport/protected/components/Numbers/Words.php (119)
in /var/www/html/devexport/protected/components/NumberToWords.php (15)
2018/01/18 14:04:52 [error] [php] include(Numbers_Words_Locale_fr.php): failed to open stream: No such file or directory (/var/www/yii_framework/framework/YiiBase.php:427)
Stack trace:
#0 unknown(0): spl_autoload_call()
#1 /var/www/html/devexport/protected/components/Numbers/Words.php(286): class_exists()
#2 /var/www/html/devexport/protected/components/Numbers/Words.php(119): loadLocale()
#3 /var/www/html/devexport/protected/components/NumberToWords.php(15): Numbers_Words->toWords()
#4 /var/www/html/devexport/protected/modules/processInvoice/views/facture/view.php(78): toFrench()
#5 /var/www/yii_framework/framework/web/CBaseController.php(126): require()
#6 /var/www/yii_framework/framework/web/CBaseController.php(95): FactureController->renderInternal()
#7 /var/www/yii_framework/framework/web/CController.php(869): FactureController->renderFile()
#8 /var/www/yii_framework/framework/web/CController.php(782): FactureController->renderPartial()
#9 /var/www/html/devexport/protected/modules/processInvoice/controllers/FactureController.php(66): FactureController->render()
#10 unknown(0): FactureController->actionView()
#11 /var/www/yii_framework/framework/web/actions/CAction.php(108): ReflectionMethod->invokeArgs()
#12 /var/www/yii_framework/framework/web/actions/CInlineAction.php(47): CInlineAction->runWithParamsInternal()
#13 /var/www/yii_framework/framework/web/CController.php(308): CInlineAction->runWithParams()
#14 /var/www/yii_framework/framework/web/filters/CFilterChain.php(133): FactureController->runAction()
#15 /var/www/yii_framework/framework/web/filters/CFilter.php(40): CFilterChain->run()
#16 /var/www/yii_framework/framework/web/CController.php(1145): CAccessControlFilter->filter()
#17 /var/www/yii_framework/framework/web/filters/CInlineFilter.php(58): FactureController->filterAccessControl()
#18 /var/www/yii_framework/framework/web/filters/CFilterChain.php(130): CInlineFilter->filter()
#19 /var/www/yii_framework/framework/web/CController.php(291): CFilterChain->run()
#20 /var/www/yii_framework/framework/web/CController.php(265): FactureController->runActionWithFilters()
#21 /var/www/yii_framework/framework/web/CWebApplication.php(282): FactureController->run()
#22 /var/www/yii_framework/framework/web/CWebApplication.php(141): CWebApplication->runController()
#23 /var/www/yii_framework/framework/base/CApplication.php(180): CWebApplication->processRequest()
#24 /var/www/html/devexport/index.php(13): CWebApplication->run()
REQUEST_URI=/devexport/index.php/processInvoice/facture/view/id/1
in /var/www/html/devexport/protected/components/Numbers/Words.php (286)
in /var/www/html/devexport/protected/components/Numbers/Words.php (119)
in /var/www/html/devexport/protected/components/NumberToWords.php (15)
2018/01/18 14:05:20 [error] [php] include(Locale/fr.php): failed to open stream: No such file or directory (/var/www/html/devexport/protected/components/Numbers/Words.php:29)
Stack trace:
#0 /var/www/yii_framework/framework/YiiBase.php(427): include()
#1 unknown(0): autoload()
#2 /var/www/html/devexport/protected/modules/processInvoice/views/facture/view.php(78): spl_autoload_call()
#3 /var/www/yii_framework/framework/web/CBaseController.php(126): require()
#4 /var/www/yii_framework/framework/web/CBaseController.php(95): FactureController->renderInternal()
#5 /var/www/yii_framework/framework/web/CController.php(869): FactureController->renderFile()
#6 /var/www/yii_framework/framework/web/CController.php(782): FactureController->renderPartial()
#7 /var/www/html/devexport/protected/modules/processInvoice/controllers/FactureController.php(66): FactureController->render()
#8 unknown(0): FactureController->actionView()
#9 /var/www/yii_framework/framework/web/actions/CAction.php(108): ReflectionMethod->invokeArgs()
#10 /var/www/yii_framework/framework/web/actions/CInlineAction.php(47): CInlineAction->runWithParamsInternal()
#11 /var/www/yii_framework/framework/web/CController.php(308): CInlineAction->runWithParams()
#12 /var/www/yii_framework/framework/web/filters/CFilterChain.php(133): FactureController->runAction()
#13 /var/www/yii_framework/framework/web/filters/CFilter.php(40): CFilterChain->run()
#14 /var/www/yii_framework/framework/web/CController.php(1145): CAccessControlFilter->filter()
#15 /var/www/yii_framework/framework/web/filters/CInlineFilter.php(58): FactureController->filterAccessControl()
#16 /var/www/yii_framework/framework/web/filters/CFilterChain.php(130): CInlineFilter->filter()
#17 /var/www/yii_framework/framework/web/CController.php(291): CFilterChain->run()
#18 /var/www/yii_framework/framework/web/CController.php(265): FactureController->runActionWithFilters()
#19 /var/www/yii_framework/framework/web/CWebApplication.php(282): FactureController->run()
#20 /var/www/yii_framework/framework/web/CWebApplication.php(141): CWebApplication->runController()
#21 /var/www/yii_framework/framework/base/CApplication.php(180): CWebApplication->processRequest()
#22 /var/www/html/devexport/index.php(13): CWebApplication->run()
REQUEST_URI=/devexport/index.php/processInvoice/facture/view/id/1
in /var/www/html/devexport/protected/components/Numbers/Words.php (29)
in /var/www/html/devexport/protected/components/Numbers/Words.php (29)
in /var/www/html/devexport/protected/components/NumberToWords.php (9)
2018/01/18 14:05:22 [error] [php] include(Locale/fr.php): failed to open stream: No such file or directory (/var/www/html/devexport/protected/components/Numbers/Words.php:29)
Stack trace:
#0 /var/www/yii_framework/framework/YiiBase.php(427): include()
#1 unknown(0): autoload()
#2 /var/www/html/devexport/protected/modules/processInvoice/views/facture/view.php(78): spl_autoload_call()
#3 /var/www/yii_framework/framework/web/CBaseController.php(126): require()
#4 /var/www/yii_framework/framework/web/CBaseController.php(95): FactureController->renderInternal()
#5 /var/www/yii_framework/framework/web/CController.php(869): FactureController->renderFile()
#6 /var/www/yii_framework/framework/web/CController.php(782): FactureController->renderPartial()
#7 /var/www/html/devexport/protected/modules/processInvoice/controllers/FactureController.php(66): FactureController->render()
#8 unknown(0): FactureController->actionView()
#9 /var/www/yii_framework/framework/web/actions/CAction.php(108): ReflectionMethod->invokeArgs()
#10 /var/www/yii_framework/framework/web/actions/CInlineAction.php(47): CInlineAction->runWithParamsInternal()
#11 /var/www/yii_framework/framework/web/CController.php(308): CInlineAction->runWithParams()
#12 /var/www/yii_framework/framework/web/filters/CFilterChain.php(133): FactureController->runAction()
#13 /var/www/yii_framework/framework/web/filters/CFilter.php(40): CFilterChain->run()
#14 /var/www/yii_framework/framework/web/CController.php(1145): CAccessControlFilter->filter()
#15 /var/www/yii_framework/framework/web/filters/CInlineFilter.php(58): FactureController->filterAccessControl()
#16 /var/www/yii_framework/framework/web/filters/CFilterChain.php(130): CInlineFilter->filter()
#17 /var/www/yii_framework/framework/web/CController.php(291): CFilterChain->run()
#18 /var/www/yii_framework/framework/web/CController.php(265): FactureController->runActionWithFilters()
#19 /var/www/yii_framework/framework/web/CWebApplication.php(282): FactureController->run()
#20 /var/www/yii_framework/framework/web/CWebApplication.php(141): CWebApplication->runController()
#21 /var/www/yii_framework/framework/base/CApplication.php(180): CWebApplication->processRequest()
#22 /var/www/html/devexport/index.php(13): CWebApplication->run()
REQUEST_URI=/devexport/index.php/processInvoice/facture/view/id/1
in /var/www/html/devexport/protected/components/Numbers/Words.php (29)
in /var/www/html/devexport/protected/components/Numbers/Words.php (29)
in /var/www/html/devexport/protected/components/NumberToWords.php (9)
2018/01/18 14:27:46 [error] [exception.CException] exception 'CException' with message 'RWebUser and its behaviors do not have a method or closure named "isGuest".' in /var/www/yii_framework/framework/base/CComponent.php:266
Stack trace:
#0 /var/www/html/devexport/protected/controllers/SiteController.php(32): CComponent->__call('isGuest', Array)
#1 /var/www/html/devexport/protected/controllers/SiteController.php(32): RWebUser->isGuest()
#2 /var/www/yii_framework/framework/web/actions/CInlineAction.php(49): SiteController->actionIndex()
#3 /var/www/yii_framework/framework/web/CController.php(308): CInlineAction->runWithParams(Array)
#4 /var/www/yii_framework/framework/web/CController.php(286): CController->runAction(Object(CInlineAction))
#5 /var/www/yii_framework/framework/web/CController.php(265): CController->runActionWithFilters(Object(CInlineAction), Array)
#6 /var/www/yii_framework/framework/web/CWebApplication.php(282): CController->run('')
#7 /var/www/yii_framework/framework/web/CWebApplication.php(141): CWebApplication->runController('')
#8 /var/www/yii_framework/framework/base/CApplication.php(180): CWebApplication->processRequest()
#9 /var/www/html/devexport/index.php(13): CApplication->run()
#10 {main}
REQUEST_URI=/devexport/
---
